2016-11-28 12:13:16 Error: [PDOException] SQLSTATE[HY000] [1045] Access denied for user 'ashutosh_plait'@'localhost' (using password: YES)
Stack Trace:
#0 C:\project\plait\vendor\cakephp\cakephp\src\Database\Driver\PDODriverTrait.php(48): PDO->__construct('mysql:host=loca...', 'ashutosh_plait', '(VchWM.[b=PZ', Array)
#1 C:\project\plait\vendor\cakephp\cakephp\src\Database\Driver\Mysql.php(104): Cake\Database\Driver\Mysql->_connect('mysql:host=loca...', Array)
#2 C:\project\plait\vendor\cakephp\cakephp\src\Database\Schema\BaseSchema.php(45): Cake\Database\Driver\Mysql->connect()
#3 C:\project\plait\vendor\cakephp\cakephp\src\Database\Dialect\MysqlDialectTrait.php(63): Cake\Database\Schema\BaseSchema->__construct(Object(Cake\Database\Driver\Mysql))
#4 C:\project\plait\vendor\cakephp\cakephp\src\Database\Schema\Collection.php(52): Cake\Database\Driver\Mysql->schemaDialect()
#5 C:\project\plait\vendor\cakephp\cakephp\src\Database\Schema\CachedCollection.php(42): Cake\Database\Schema\Collection->__construct(Object(Cake\Database\Connection))
#6 C:\project\plait\vendor\cakephp\cakephp\src\Database\Connection.php(322): Cake\Database\Schema\CachedCollection->__construct(Object(Cake\Database\Connection), true)
#7 C:\project\plait\vendor\cakephp\bake\src\Shell\Task\ModelTask.php(946): Cake\Database\Connection->schemaCollection()
#8 C:\project\plait\vendor\cakephp\bake\src\Shell\Task\ModelTask.php(898): Bake\Shell\Task\ModelTask->_getAllTables()
#9 C:\project\plait\vendor\cakephp\bake\src\Shell\Task\ModelTask.php(913): Bake\Shell\Task\ModelTask->listAll()
#10 C:\project\plait\vendor\cakephp\bake\src\Shell\BakeShell.php(234): Bake\Shell\Task\ModelTask->listUnskipped()
#11 [internal function]: Bake\Shell\BakeShell->all()
#12 C:\project\plait\vendor\cakephp\cakephp\src\Console\Shell.php(452): call_user_func_array(Array, Array)
#13 C:\project\plait\vendor\cakephp\cakephp\src\Console\ShellDispatcher.php(227): Cake\Console\Shell->runCommand(Array, true, Array)
#14 C:\project\plait\vendor\cakephp\cakephp\src\Console\ShellDispatcher.php(182): Cake\Console\ShellDispatcher->_dispatch(Array)
#15 C:\project\plait\vendor\cakephp\cakephp\src\Console\ShellDispatcher.php(128): Cake\Console\ShellDispatcher->dispatch(Array)
#16 C:\project\plait\bin\cake.php(34): Cake\Console\ShellDispatcher::run(Array)
#17 {main}


2016-11-28 12:18:32 Error: [Cake\Database\Exception] SQLSTATE[42S02]: Base table or view not found: 1146 Table 'ashutosh_plait.admin' doesn't exist
Stack Trace:
#0 C:\project\plait\vendor\cakephp\cakephp\src\Database\Schema\Collection.php(97): Cake\Database\Schema\Collection->_reflect('Column', 'admin', Array, Object(Cake\Database\Schema\Table))
#1 C:\project\plait\vendor\cakephp\cakephp\src\Database\Schema\CachedCollection.php(63): Cake\Database\Schema\Collection->describe('admin', Array)
#2 C:\project\plait\vendor\cakephp\cakephp\src\ORM\Table.php(440): Cake\Database\Schema\CachedCollection->describe('admin')
#3 C:\project\plait\vendor\cakephp\cakephp\src\ORM\Table.php(518): Cake\ORM\Table->schema()
#4 C:\project\plait\vendor\cakephp\bake\src\Shell\Task\ModelTask.php(210): Cake\ORM\Table->primaryKey()
#5 C:\project\plait\vendor\cakephp\bake\src\Shell\Task\ModelTask.php(127): Bake\Shell\Task\ModelTask->getAssociations(Object(Cake\ORM\Table))
#6 C:\project\plait\vendor\cakephp\bake\src\Shell\Task\ModelTask.php(110): Bake\Shell\Task\ModelTask->getTableContext(Object(Cake\ORM\Table), 'admin', 'Admin')
#7 C:\project\plait\vendor\cakephp\bake\src\Shell\Task\ModelTask.php(97): Bake\Shell\Task\ModelTask->bake('Admin')
#8 C:\project\plait\vendor\cakephp\bake\src\Shell\BakeShell.php(257): Bake\Shell\Task\ModelTask->main('Admin')
#9 C:\project\plait\vendor\cakephp\cakephp\src\Collection\CollectionTrait.php(52): Bake\Shell\BakeShell->Bake\Shell\{closure}('admin', 0)
#10 C:\project\plait\vendor\cakephp\bake\src\Shell\BakeShell.php(260): Cake\Collection\Collection->each(Object(Closure))
#11 [internal function]: Bake\Shell\BakeShell->all('admin')
#12 C:\project\plait\vendor\cakephp\cakephp\src\Console\Shell.php(452): call_user_func_array(Array, Array)
#13 C:\project\plait\vendor\cakephp\cakephp\src\Console\ShellDispatcher.php(227): Cake\Console\Shell->runCommand(Array, true, Array)
#14 C:\project\plait\vendor\cakephp\cakephp\src\Console\ShellDispatcher.php(182): Cake\Console\ShellDispatcher->_dispatch(Array)
#15 C:\project\plait\vendor\cakephp\cakephp\src\Console\ShellDispatcher.php(128): Cake\Console\ShellDispatcher->dispatch(Array)
#16 C:\project\plait\bin\cake.php(34): Cake\Console\ShellDispatcher::run(Array)
#17 {main}


2016-11-28 13:01:02 Error: [PDOException] SQLSTATE[HY000] [1045] Access denied for user 'ashutosh_plait'@'localhost' (using password: YES)
Stack Trace:
#0 C:\project\plait\vendor\cakephp\cakephp\src\Database\Driver\PDODriverTrait.php(48): PDO->__construct('mysql:host=loca...', 'ashutosh_plait', '(VchWM.[b=PZ', Array)
#1 C:\project\plait\vendor\cakephp\cakephp\src\Database\Driver\Mysql.php(104): Cake\Database\Driver\Mysql->_connect('mysql:host=loca...', Array)
#2 C:\project\plait\vendor\cakephp\cakephp\src\Database\Schema\BaseSchema.php(45): Cake\Database\Driver\Mysql->connect()
#3 C:\project\plait\vendor\cakephp\cakephp\src\Database\Dialect\MysqlDialectTrait.php(63): Cake\Database\Schema\BaseSchema->__construct(Object(Cake\Database\Driver\Mysql))
#4 C:\project\plait\vendor\cakephp\cakephp\src\Database\Schema\Collection.php(52): Cake\Database\Driver\Mysql->schemaDialect()
#5 C:\project\plait\vendor\cakephp\cakephp\src\Database\Schema\CachedCollection.php(42): Cake\Database\Schema\Collection->__construct(Object(Cake\Database\Connection))
#6 C:\project\plait\vendor\cakephp\cakephp\src\Database\Connection.php(322): Cake\Database\Schema\CachedCollection->__construct(Object(Cake\Database\Connection), true)
#7 C:\project\plait\vendor\cakephp\bake\src\Shell\Task\ModelTask.php(946): Cake\Database\Connection->schemaCollection()
#8 C:\project\plait\vendor\cakephp\bake\src\Shell\Task\ModelTask.php(898): Bake\Shell\Task\ModelTask->_getAllTables()
#9 C:\project\plait\vendor\cakephp\bake\src\Shell\Task\ModelTask.php(202): Bake\Shell\Task\ModelTask->listAll()
#10 C:\project\plait\vendor\cakephp\bake\src\Shell\Task\ModelTask.php(127): Bake\Shell\Task\ModelTask->getAssociations(Object(App\Model\Table\StaticpagesTable))
#11 C:\project\plait\vendor\cakephp\bake\src\Shell\Task\ModelTask.php(110): Bake\Shell\Task\ModelTask->getTableContext(Object(App\Model\Table\StaticpagesTable), 'staticpages', 'Staticpages')
#12 C:\project\plait\vendor\cakephp\bake\src\Shell\Task\ModelTask.php(97): Bake\Shell\Task\ModelTask->bake('Staticpages')
#13 C:\project\plait\vendor\cakephp\bake\src\Shell\BakeShell.php(257): Bake\Shell\Task\ModelTask->main('Staticpages')
#14 C:\project\plait\vendor\cakephp\cakephp\src\Collection\CollectionTrait.php(52): Bake\Shell\BakeShell->Bake\Shell\{closure}('staticpages', 0)
#15 C:\project\plait\vendor\cakephp\bake\src\Shell\BakeShell.php(260): Cake\Collection\Collection->each(Object(Closure))
#16 [internal function]: Bake\Shell\BakeShell->all('staticpages')
#17 C:\project\plait\vendor\cakephp\cakephp\src\Console\Shell.php(452): call_user_func_array(Array, Array)
#18 C:\project\plait\vendor\cakephp\cakephp\src\Console\ShellDispatcher.php(227): Cake\Console\Shell->runCommand(Array, true, Array)
#19 C:\project\plait\vendor\cakephp\cakephp\src\Console\ShellDispatcher.php(182): Cake\Console\ShellDispatcher->_dispatch(Array)
#20 C:\project\plait\vendor\cakephp\cakephp\src\Console\ShellDispatcher.php(128): Cake\Console\ShellDispatcher->dispatch(Array)
#21 C:\project\plait\bin\cake.php(34): Cake\Console\ShellDispatcher::run(Array)
#22 {main}


